Arguments: 
  C:\Program Files\nodejs\node.exe C:\Users\RacCM\AppData\Roaming\npm\node_modules\yarn\bin\yarn.js init

PATH: 
  C:\Python39\Scripts\;C:\Python39\;C:\WINDOWS\system32;C:\WINDOWS;C:\WINDOWS\System32\Wbem;C:\WINDOWS\System32\WindowsPowerShell\v1.0\;C:\WINDOWS\System32\OpenSSH\;C:\Program Files\Git\cmd;C:\Program Files\nodejs\;C:\ProgramData\chocolatey\bin;C:\Users\RacCM\AppData\Local\Microsoft\WindowsApps;;C:\Users\RacCM\AppData\Local\Programs\Microsoft VS Code\bin;C:\Users\RacCM\AppData\Roaming\npm

Yarn version: 
  1.22.11

Node version: 
  15.9.0

Platform: 
  win32 x64

Trace: 
  SyntaxError: C:\Users\RacCM\Documents\JS-411\KCV-arch-webapp\package.json: Unexpected token y in JSON at position 105
      at JSON.parse (<anonymous>)
      at C:\Users\RacCM\AppData\Roaming\npm\node_modules\yarn\lib\cli.js:1625:59
      at Generator.next (<anonymous>)
      at step (C:\Users\RacCM\AppData\Roaming\npm\node_modules\yarn\lib\cli.js:310:30)
      at C:\Users\RacCM\AppData\Roaming\npm\node_modules\yarn\lib\cli.js:321:13

npm manifest: 
  {
    "name": "y",
    "version": "y",
    "main": "y",
    "repository": "y",
    "author": "y",
    "license": "y",y
    "dependencies": {
      "@testing-library/jest-dom": "^4.2.4",
      "@testing-library/react": "^9.3.2",
      "@testing-library/user-event": "^7.1.2",
      "@types/jest": "^24.0.0",
      "@types/node": "^12.0.0",
      "@types/react": "^16.9.41",
      "@types/react-dom": "^16.9.8",
      "axios": "^0.19.2",
      "bitmex-realtime-api": "^0.4.3",
      "form-data": "^3.0.0",
      "lodash": "^4.17.15",
      "react": "^16.13.1",
      "react-dom": "^16.13.1",
      "react-redux": "^7.2.0",
      "react-scripts": "3.4.1",
      "react-tradingview-widget": "^1.3.2",
      "redux": "^4.0.5",
      "redux-logger": "^3.0.6",
      "redux-saga": "^1.1.3",
      "semantic-ui-react": "^0.88.2",
      "typescript": "~3.7.2",
      "ws": "^7.3.1"
    },
    "scripts": {
      "start": "react-scripts start",
      "build": "react-scripts build",
      "test": "react-scripts test",
      "eject": "react-scripts eject"
    },
    "eslintConfig": {
      "extends": "react-app"
    },
    "browserslist": {
      "production": [
        ">0.2%",
        "not dead",
        "not op_mini all"
      ],
      "development": [
        "last 1 chrome version",
        "last 1 firefox version",
        "last 1 safari version"
      ]
    },
    "devDependencies": {
      "@types/lodash": "^4.14.157",
      "@types/react-redux": "^7.1.9",
      "@types/redux-logger": "^3.0.8",
      "@types/socket.io-client": "^1.4.33",
      "@types/ws": "^7.2.6",
      "redux-devtools-extension": "^2.13.8"
    },
    "description": "y",
    "private": true
  }

yarn manifest: 
  No manifest

Lockfile: 
  No lockfile
